12:59:08 **** Build of configuration Debug for project Lab7_alarm_system_2 ****
make -j8 all 
arm-none-eabi-gcc -o "Lab7_alarm_system_2.elf" @"objects.list"   -mcpu=cortex-m4 -T"C:\Users\young\OneDrive\Documents\- Hardware Labs\nucleo-stm32\ecen260-stm32\Lab7_alarm_system_2\STM32L476RGTX_FLASH.ld" --specs=nosys.specs -Wl,-Map="Lab7_alarm_system_2.map" -Wl,--gc-sections -static --specs=nano.specs -mfpu=fpv4-sp-d16 -mfloat-abi=hard -mthumb -Wl,--start-group -lc -lm -Wl,--end-group
C:/ST/STM32CubeIDE_1.17.0/STM32CubeIDE/plugins/com.st.stm32cube.ide.mcu.externaltools.gnu-tools-for-stm32.12.3.rel1.win32_1.1.0.202410251130/tools/bin/../lib/gcc/arm-none-eabi/12.3.1/../../../../arm-none-eabi/bin/ld.exe: ./Startup/startup_stm32l476rgtx.o: in function `Reset_Handler':
C:/Users/young/OneDrive/Documents/- Hardware Labs/nucleo-stm32/ecen260-stm32/Lab7_alarm_system_2/Debug/../Startup/startup_stm32l476rgtx.s:97: undefined reference to `main'
collect2.exe: error: ld returned 1 exit status
make: *** [makefile:63: Lab7_alarm_system_2.elf] Error 1
"make -j8 all" terminated with exit code 2. Build might be incomplete.

12:59:10 Build Failed. 2 errors, 0 warnings. (took 2s.271ms)

